  main.cpp
C:\Users\razvan\Documents\GitHub\Solar-System-Simulator\GameEngine3D\GameEngine3D.h(125,21): warning C4018: '<': signed/unsigned mismatch
C:\Users\razvan\Documents\GitHub\Solar-System-Simulator\GameEngine3D\GameEngine3D.h(174,21): warning C4018: '<': signed/unsigned mismatch
C:\Users\razvan\Documents\GitHub\Solar-System-Simulator\GameEngine3D\GameEngine3D.h(268,28): warning C4244: 'argument': conversion from 'double' to 'GLclampf', possible loss of data
C:\Users\razvan\Documents\GitHub\Solar-System-Simulator\GameEngine3D\GameEngine3D.h(268,21): warning C4244: 'argument': conversion from 'double' to 'GLclampf', possible loss of data
C:\Users\razvan\Documents\GitHub\Solar-System-Simulator\GameEngine3D\GameEngine3D.h(268,16): warning C4244: 'argument': conversion from 'double' to 'GLclampf', possible loss of data
C:\Users\razvan\Documents\GitHub\Solar-System-Simulator\GameEngine3D\GameEngine3D.h(273,34): warning C4244: 'argument': conversion from 'double' to 'GLclampf', possible loss of data
C:\Users\razvan\Documents\GitHub\Solar-System-Simulator\GameEngine3D\GameEngine3D.h(273,28): warning C4244: 'argument': conversion from 'double' to 'GLclampf', possible loss of data
C:\Users\razvan\Documents\GitHub\Solar-System-Simulator\GameEngine3D\GameEngine3D.h(273,21): warning C4244: 'argument': conversion from 'double' to 'GLclampf', possible loss of data
C:\Users\razvan\Documents\GitHub\Solar-System-Simulator\GameEngine3D\GameEngine3D.h(273,16): warning C4244: 'argument': conversion from 'double' to 'GLclampf', possible loss of data
C:\Users\razvan\Documents\GitHub\Solar-System-Simulator\GameEngine3D\GameEngine3D.h(1104,1): warning C4150: deletion of pointer to incomplete type 'Component'; no destructor called
C:\Users\razvan\Documents\GitHub\Solar-System-Simulator\GameEngine3D\GameEngine3D.h(57): message : see declaration of 'Component'
C:\Users\razvan\Documents\GitHub\Solar-System-Simulator\GameEngine3D\GameEngine3D.h(1573,21): warning C4018: '<': signed/unsigned mismatch
C:\Users\razvan\Documents\GitHub\Solar-System-Simulator\GameEngine3D\GameEngine3D.h(1614,21): warning C4018: '<': signed/unsigned mismatch
C:\Users\razvan\Documents\GitHub\Solar-System-Simulator\GameEngine3D\GameEngine3D.h(1621,21): warning C4018: '<': signed/unsigned mismatch
C:\Users\razvan\Documents\GitHub\Solar-System-Simulator\GameEngine3D\GameEngine3D.h(1626,26): warning C4018: '<': signed/unsigned mismatch
C:\Users\razvan\Documents\GitHub\Solar-System-Simulator\main.cpp(301,38): warning C4244: '=': conversion from 'double' to 'T', possible loss of data
          with
          [
              T=float
          ]
C:\Users\razvan\Documents\GitHub\Solar-System-Simulator\main.cpp(302,38): warning C4244: '=': conversion from 'double' to 'T', possible loss of data
          with
          [
              T=float
          ]
  Generating code
  Previous IPDB not found, fall back to full compilation.
  All 822 functions were compiled because no usable IPDB/IOBJ from previous compilation was found.
  Finished generating code
  Solar System Simulator.vcxproj -> C:\Users\razvan\Documents\GitHub\Solar-System-Simulator\Release\Solar System Simulator.exe
